\BOOKMARK [1][-]{section.1}{\376\377\000I\000n\000t\000r\000o\000d\000u\000c\000t\000i\000o\000n}{}% 1
\BOOKMARK [1][-]{section.2}{\376\377\000R\000e\000l\000a\000t\000e\000d\000\040\000W\000o\000r\000k}{}% 2
\BOOKMARK [1][-]{section.3}{\376\377\000M\000e\000t\000h\000o\000d}{}% 3
\BOOKMARK [2][-]{subsection.3.1}{\376\377\000O\000f\000f\000l\000i\000n\000e\000\040\000R\000L\000\040\000w\000i\000t\000h\000\040\000A\000c\000t\000i\000o\000n\000-\000C\000o\000n\000d\000i\000t\000i\000o\000n\000e\000d\000\040\000C\000r\000i\000t\000i\000c\000\040\000a\000n\000d\000\040\000C\000o\000n\000s\000i\000s\000t\000e\000n\000c\000y\000\040\000P\000o\000l\000i\000c\000y}{section.3}% 4
\BOOKMARK [2][-]{subsection.3.2}{\376\377\000B\000r\000i\000d\000g\000i\000n\000g\000\040\000t\000h\000e\000\040\000D\000e\000p\000l\000o\000y\000m\000e\000n\000t\000\040\000G\000a\000p\000:\000\040\000H\000i\000L\000\040\000R\000e\000s\000i\000d\000u\000a\000l\000\040\000C\000h\000u\000n\000k\000\040\000A\000d\000a\000p\000t\000a\000t\000i\000o\000n}{section.3}% 5
\BOOKMARK [1][-]{section.4}{\376\377\000E\000x\000p\000e\000r\000i\000m\000e\000n\000t\000s}{}% 6
\BOOKMARK [2][-]{subsection.4.1}{\376\377\000E\000x\000p\000e\000r\000i\000m\000e\000n\000t\000a\000l\000\040\000S\000e\000t\000u\000p}{section.4}% 7
\BOOKMARK [2][-]{subsection.4.2}{\376\377\000M\000a\000i\000n\000\040\000R\000e\000s\000u\000l\000t\000s\000\040\000a\000n\000d\000\040\000A\000n\000a\000l\000y\000s\000i\000s}{section.4}% 8
\BOOKMARK [1][-]{section.5}{\376\377\000L\000i\000m\000i\000t\000a\000t\000i\000o\000n\000s}{}% 9
\BOOKMARK [1][-]{section.6}{\376\377\000C\000o\000n\000c\000l\000u\000s\000i\000o\000n}{}% 10
\BOOKMARK [1][-]{appendix.A}{\376\377\000D\000e\000t\000a\000i\000l\000e\000d\000\040\000C\000r\000i\000t\000i\000c\000\040\000F\000o\000r\000m\000u\000l\000a\000t\000i\000o\000n}{}% 11
\BOOKMARK [1][-]{appendix.B}{\376\377\000I\000m\000p\000l\000e\000m\000e\000n\000t\000a\000t\000i\000o\000n\000\040\000D\000e\000t\000a\000i\000l\000s\000\040\000a\000n\000d\000\040\000T\000r\000a\000i\000n\000i\000n\000g\000\040\000S\000a\000f\000e\000g\000u\000a\000r\000d\000s}{}% 12
\BOOKMARK [2][-]{subsection.B.1}{\376\377\000A\000d\000v\000a\000n\000t\000a\000g\000e\000\040\000G\000a\000t\000i\000n\000g\000\040\000M\000e\000c\000h\000a\000n\000i\000s\000m}{appendix.B}% 13
\BOOKMARK [2][-]{subsection.B.2}{\376\377\000T\000w\000o\000-\000S\000t\000a\000g\000e\000\040\000P\000o\000s\000t\000-\000T\000r\000a\000i\000n\000i\000n\000g\000\040\000P\000i\000p\000e\000l\000i\000n\000e}{appendix.B}% 14
\BOOKMARK [2][-]{subsection.B.3}{\376\377\000O\000n\000l\000i\000n\000e\000\040\000R\000e\000s\000i\000d\000u\000a\000l\000\040\000A\000l\000i\000g\000n\000m\000e\000n\000t\000\040\000v\000i\000a\000\040\000C\000o\000n\000s\000e\000r\000v\000a\000t\000i\000v\000e\000\040\000V\000a\000l\000u\000e\000\040\000G\000u\000i\000d\000a\000n\000c\000e}{appendix.B}% 15
\BOOKMARK [2][-]{subsection.B.4}{\376\377\000O\000n\000l\000i\000n\000e\000\040\000R\000e\000s\000i\000d\000u\000a\000l\000\040\000A\000d\000a\000p\000t\000a\000t\000i\000o\000n\000\040\000A\000l\000g\000o\000r\000i\000t\000h\000m}{appendix.B}% 16
\BOOKMARK [1][-]{appendix.C}{\376\377\000E\000x\000p\000e\000r\000i\000m\000e\000n\000t\000a\000l\000\040\000D\000e\000t\000a\000i\000l\000s}{}% 17
\BOOKMARK [2][-]{subsection.C.1}{\376\377\000R\000o\000b\000o\000t\000\040\000H\000a\000r\000d\000w\000a\000r\000e\000\040\000a\000n\000d\000\040\000T\000e\000l\000e\000o\000p\000e\000r\000a\000t\000i\000o\000n\000\040\000S\000e\000t\000u\000p}{appendix.C}% 18
\BOOKMARK [2][-]{subsection.C.2}{\376\377\000R\000o\000l\000l\000o\000u\000t\000\040\000V\000i\000s\000u\000a\000l\000i\000z\000a\000t\000i\000o\000n\000s}{appendix.C}% 19
\BOOKMARK [2][-]{subsection.C.3}{\376\377\000O\000b\000j\000e\000c\000t\000\040\000a\000n\000d\000\040\000T\000a\000s\000k\000\040\000C\000o\000n\000f\000i\000g\000u\000r\000a\000t\000i\000o\000n\000s}{appendix.C}% 20
\BOOKMARK [1][-]{appendix.D}{\376\377\000S\000u\000p\000p\000l\000e\000m\000e\000n\000t\000a\000r\000y\000\040\000V